<?xml version="1.0" encoding="UTF-8" standalone="no"?>
<!DOCTYPE log SYSTEM "logger.dtd">
<log>
<record>
  <date>2017-07-03T15:15:42</date>
  <millis>1499075142215</millis>
  <sequence>0</sequence>
  <logger>com.easterncoalfields.coalnet</logger>
  <level>INFO</level>
  <class>sample.Controller</class>
  <method>upload</method>
  <thread>13</thread>
  <message>20 record(s) updated &amp; 12 record(s) added successfully. </message>
</record>
</log>
<?xml version="1.0" encoding="UTF-8" standalone="no"?>
<!DOCTYPE log SYSTEM "logger.dtd">
<log>
<record>
  <date>2017-07-03T15:18:43</date>
  <millis>1499075323751</millis>
  <sequence>0</sequence>
  <logger>com.easterncoalfields.coalnet</logger>
  <level>INFO</level>
  <class>sample.Controller</class>
  <method>upload</method>
  <thread>13</thread>
  <message>2 record(s) updated &amp; 0 record(s) added successfully. </message>
</record>
</log>
<?xml version="1.0" encoding="UTF-8" standalone="no"?>
<!DOCTYPE log SYSTEM "logger.dtd">
<log>
<record>
  <date>2017-07-03T16:04:04</date>
  <millis>1499078044439</millis>
  <sequence>0</sequence>
  <logger>com.easterncoalfields.coalnet</logger>
  <level>INFO</level>
  <class>sample.Controller</class>
  <method>upload</method>
  <thread>13</thread>
  <message>2 record(s) updated &amp; 0 record(s) added successfully. </message>
</record>
</log>
<?xml version="1.0" encoding="UTF-8" standalone="no"?>
<!DOCTYPE log SYSTEM "logger.dtd">
<log>
<record>
  <date>2017-07-03T16:04:42</date>
  <millis>1499078082319</millis>
  <sequence>0</sequence>
  <logger>com.easterncoalfields.coalnet</logger>
  <level>INFO</level>
  <class>sample.Controller</class>
  <method>upload</method>
  <thread>13</thread>
  <message>2 record(s) updated &amp; 0 record(s) added successfully. </message>
</record>
</log>
<?xml version="1.0" encoding="UTF-8" standalone="no"?>
<!DOCTYPE log SYSTEM "logger.dtd">
<log>
<record>
  <date>2017-07-03T16:15:16</date>
  <millis>1499078716909</millis>
  <sequence>0</sequence>
  <logger>com.easterncoalfields.coalnet</logger>
  <level>INFO</level>
  <class>sample.Controller</class>
  <method>upload</method>
  <thread>13</thread>
  <message>2 record(s) updated &amp; 0 record(s) added successfully. </message>
</record>
</log>
<?xml version="1.0" encoding="UTF-8" standalone="no"?>
<!DOCTYPE log SYSTEM "logger.dtd">
<log>
<record>
  <date>2017-07-04T13:09:06</date>
  <millis>1499153946231</millis>
  <sequence>0</sequence>
  <logger>com.easterncoalfields.coalnet</logger>
  <level>INFO</level>
  <class>sample.Controller</class>
  <method>upload</method>
  <thread>13</thread>
  <message>15 record(s) updated &amp; 0 record(s) added successfully. </message>
</record>
</log>
<?xml version="1.0" encoding="UTF-8" standalone="no"?>
<!DOCTYPE log SYSTEM "logger.dtd">
<log>
<record>
  <date>2017-07-04T13:14:53</date>
  <millis>1499154293780</millis>
  <sequence>0</sequence>
  <logger>com.easterncoalfields.coalnet</logger>
  <level>INFO</level>
  <class>sample.Controller</class>
  <method>upload</method>
  <thread>13</thread>
  <message>2 record(s) updated &amp; 0 record(s) added successfully. </message>
</record>
</log>
